Arguments: 
  /usr/local/Cellar/node/10.7.0/bin/node /Users/tarney/.yarn/bin/yarn.js

PATH: 
  /Users/tarney/.yarn/bin:/Users/tarney/.config/yarn/global/node_modules/.bin:/usr/local/Cellar/pyenv-virtualenv/1.1.3/shims:/Users/tarney/.pyenv/shims:/Users/tarney/.bin:/Users/tarney/.cargo/bin:/usr/local/bin:/usr/bin:/bin:/usr/sbin:/sbin:/Users/tarney/.yarn/bin:/Users/tarney/.config/yarn/global/node_modules/.bin:/usr/local/Cellar/pyenv-virtualenv/1.1.3/shims:/Users/tarney/.pyenv/shims:/Users/tarney/.bin:/Users/tarney/.cargo/bin:/Users/tarney/.composer/vendor/bin:/Users/tarney/.composer/vendor/bin

Yarn version: 
  1.12.0-20181002.1248

Node version: 
  10.7.0

Platform: 
  darwin x64

Trace: 
  SyntaxError: /Users/tarney/Desktop/bundle-size-tracker/package.json: Unexpected token < in JSON at position 689
      at JSON.parse (<anonymous>)
      at /Users/tarney/.yarn/lib/cli.js:1130:59
      at Generator.next (<anonymous>)
      at step (/Users/tarney/.yarn/lib/cli.js:92:30)
      at /Users/tarney/.yarn/lib/cli.js:103:13

npm manifest: 
  {
    "name": "bundle-size-tracker",
    "private": true,
    "version": "1.0.1",
    "main": "src/index.js",
    "license": "MIT",
    "scripts": {
      "dev": "NODE_ENV=dev nodemon --watch src/index.js src/server.js",
      "start": "nodemon src/index.js --watch src/lib --watch src/index.js",
      "test": "jest",
      "lint": "eslint src/*.js"
    },
    "lint-staged": {
      "*.js": [
        "eslint --fix",
        "prettier --write",
        "git add"
      ]
    },
    "husky": {
      "hooks": {
        "pre-commit": "npm test && lint-staged",
        "pre-push": "npm test"
      }
    },
    "dependencies": {
      "@octokit/rest": "^16.2.0",
      "aws-sdk": "^2.373.0",
      "dotenv-safe": "^6.1.0",
      "esm": "^3.0.84",
  <<<<<<< HEAD
      "firebase-admin": "^6.4.0",
      "firebase-functions": "^2.1.0",
  =======
      "md5-file": "^4.0.0",
  >>>>>>> WIP
      "nodemon": "^1.18.8",
      "pretty-bytes": "^5.1.0",
      "serverless-google-cloudfunctions": "^2.3.2"
    },
    "devDependencies": {
      "@babel/core": "^7.2.0",
      "@babel/preset-env": "^7.2.0",
      "babel-core": "^7.0.0-bridge.0",
      "babel-eslint": "^10.0.1",
      "babel-jest": "^23.6.0",
      "body-parser": "^1.18.3",
      "eslint": "^5.10.0",
      "eslint-config-prettier": "^3.3.0",
      "eslint-config-standard": "^12.0.0",
      "eslint-plugin-import": "^2.14.0",
      "eslint-plugin-jest": "^22.1.2",
      "eslint-plugin-node": "^8.0.0",
      "eslint-plugin-promise": "^4.0.1",
      "eslint-plugin-standard": "^4.0.0",
      "express": "^4.16.4",
      "husky": "^1.2.0",
      "jest": "^23.6.0",
      "lint-staged": "^8.1.0",
      "mock-cloud-firestore": "^0.9.0",
      "nock": "^10.0.4",
      "nodemon": "^1.18.9",
      "prettier": "^1.15.3"
    }
  }

yarn manifest: 
  No manifest

Lockfile: 
  No lockfile
